[2019-11-15 12:12:49.232] [exthost] [info] extension host started
[2019-11-15 12:12:49.563] [exthost] [info] ExtensionService#_doActivateExtension vscode.debug-auto-launch {"startup":true,"extensionId":{"value":"vscode.debug-auto-launch","_lower":"vscode.debug-auto-launch"},"activationEvent":"*"}
[2019-11-15 12:12:49.564] [exthost] [info] ExtensionService#loadCommonJSModule file:///usr/share/code/resources/app/extensions/debug-auto-launch/dist/extension
[2019-11-15 12:12:49.570] [exthost] [info] ExtensionService#_doActivateExtension vscode.emmet {"startup":true,"extensionId":{"value":"vscode.emmet","_lower":"vscode.emmet"},"activationEvent":"*"}
[2019-11-15 12:12:49.570] [exthost] [info] ExtensionService#loadCommonJSModule file:///usr/share/code/resources/app/extensions/emmet/dist/extension
[2019-11-15 12:12:49.600] [exthost] [info] ExtensionService#_doActivateExtension vscode.git {"startup":true,"extensionId":{"value":"vscode.git","_lower":"vscode.git"},"activationEvent":"*"}
[2019-11-15 12:12:49.600] [exthost] [info] ExtensionService#loadCommonJSModule file:///usr/share/code/resources/app/extensions/git/dist/main
[2019-11-15 12:12:49.660] [exthost] [info] ExtensionService#_doActivateExtension vscode.merge-conflict {"startup":true,"extensionId":{"value":"vscode.merge-conflict","_lower":"vscode.merge-conflict"},"activationEvent":"*"}
[2019-11-15 12:12:49.660] [exthost] [info] ExtensionService#loadCommonJSModule file:///usr/share/code/resources/app/extensions/merge-conflict/dist/extension
[2019-11-15 12:12:49.663] [exthost] [info] ExtensionService#_doActivateExtension gornivv.vscode-flutter-files {"startup":true,"extensionId":{"value":"gornivv.vscode-flutter-files","_lower":"gornivv.vscode-flutter-files"},"activationEvent":"*"}
[2019-11-15 12:12:49.663] [exthost] [info] ExtensionService#loadCommonJSModule file:///home/altevircarvalho/.vscode/extensions/gornivv.vscode-flutter-files-1.5.4/out/extension.js
[2019-11-15 12:12:49.680] [exthost] [info] eager extensions activated
[2019-11-15 12:13:29.285] [exthost] [info] extension host started
[2019-11-15 12:13:29.319] [exthost] [info] ExtensionService#_doActivateExtension vscode.debug-auto-launch {"startup":true,"extensionId":{"value":"vscode.debug-auto-launch","_lower":"vscode.debug-auto-launch"},"activationEvent":"*"}
[2019-11-15 12:13:29.320] [exthost] [info] ExtensionService#loadCommonJSModule file:///usr/share/code/resources/app/extensions/debug-auto-launch/dist/extension
[2019-11-15 12:13:29.327] [exthost] [info] ExtensionService#_doActivateExtension vscode.emmet {"startup":true,"extensionId":{"value":"vscode.emmet","_lower":"vscode.emmet"},"activationEvent":"*"}
[2019-11-15 12:13:29.327] [exthost] [info] ExtensionService#loadCommonJSModule file:///usr/share/code/resources/app/extensions/emmet/dist/extension
[2019-11-15 12:13:29.374] [exthost] [info] ExtensionService#_doActivateExtension vscode.git {"startup":true,"extensionId":{"value":"vscode.git","_lower":"vscode.git"},"activationEvent":"*"}
[2019-11-15 12:13:29.374] [exthost] [info] ExtensionService#loadCommonJSModule file:///usr/share/code/resources/app/extensions/git/dist/main
[2019-11-15 12:13:29.451] [exthost] [info] ExtensionService#_doActivateExtension vscode.merge-conflict {"startup":true,"extensionId":{"value":"vscode.merge-conflict","_lower":"vscode.merge-conflict"},"activationEvent":"*"}
[2019-11-15 12:13:29.451] [exthost] [info] ExtensionService#loadCommonJSModule file:///usr/share/code/resources/app/extensions/merge-conflict/dist/extension
[2019-11-15 12:13:29.455] [exthost] [info] ExtensionService#_doActivateExtension gornivv.vscode-flutter-files {"startup":true,"extensionId":{"value":"gornivv.vscode-flutter-files","_lower":"gornivv.vscode-flutter-files"},"activationEvent":"*"}
[2019-11-15 12:13:29.455] [exthost] [info] ExtensionService#loadCommonJSModule file:///home/altevircarvalho/.vscode/extensions/gornivv.vscode-flutter-files-1.5.4/out/extension.js
[2019-11-15 12:13:29.720] [exthost] [info] ExtensionService#_doActivateExtension shanehofstetter.rails-i18n {"startup":true,"extensionId":{"value":"shanehofstetter.rails-i18n","_lower":"shanehofstetter.rails-i18n"},"activationEvent":"workspaceContains:config/locales/**/*.yml"}
[2019-11-15 12:13:29.720] [exthost] [info] ExtensionService#loadCommonJSModule file:///home/altevircarvalho/.vscode/extensions/shanehofstetter.rails-i18n-0.4.0/out/extension
[2019-11-15 12:13:29.858] [exthost] [info] eager extensions activated
[2019-11-15 12:13:29.916] [exthost] [info] ExtensionService#_doActivateExtension ms-azuretools.vscode-docker {"startup":false,"extensionId":{"value":"ms-azuretools.vscode-docker","_lower":"ms-azuretools.vscode-docker"},"activationEvent":"onLanguage:yaml"}
[2019-11-15 12:13:29.916] [exthost] [info] ExtensionService#loadCommonJSModule file:///home/altevircarvalho/.vscode/extensions/ms-azuretools.vscode-docker-0.8.2/main
[2019-11-15 12:13:30.734] [exthost] [info] ExtensionService#_doActivateExtension aki77.rails-routes {"startup":false,"extensionId":{"value":"aki77.rails-routes","_lower":"aki77.rails-routes"},"activationEvent":"onLanguage:ruby"}
[2019-11-15 12:13:30.734] [exthost] [info] ExtensionService#loadCommonJSModule file:///home/altevircarvalho/.vscode/extensions/aki77.rails-routes-0.3.1/out/extension
[2019-11-15 12:13:30.789] [exthost] [info] ExtensionService#_doActivateExtension misogi.ruby-rubocop {"startup":false,"extensionId":{"value":"misogi.ruby-rubocop","_lower":"misogi.ruby-rubocop"},"activationEvent":"onLanguage:ruby"}
[2019-11-15 12:13:30.789] [exthost] [info] ExtensionService#loadCommonJSModule file:///home/altevircarvalho/.vscode/extensions/misogi.ruby-rubocop-0.8.1/out/src/extension
[2019-11-15 12:13:31.033] [exthost] [info] ExtensionService#_doActivateExtension rebornix.ruby {"startup":false,"extensionId":{"value":"rebornix.ruby","_lower":"rebornix.ruby"},"activationEvent":"onLanguage:ruby"}
[2019-11-15 12:13:31.033] [exthost] [info] ExtensionService#loadCommonJSModule file:///home/altevircarvalho/.vscode/extensions/rebornix.ruby-0.25.3/dist/extension/ruby.js
