[2019-11-15 12:12:50.486] [sharedprocess] [info] main {"machineId":"94de9b3f849c89cf3572c389e6cc34e75453c55a4902255e69ba8bfec7bccf26","windowId":2}
[2019-11-15 12:12:52.492] [sharedprocess] [info] Deleted from disk nash.awesome-flutter-snippets /home/altevircarvalho/.vscode/extensions/nash.awesome-flutter-snippets-2.0.2
[2019-11-15 12:12:52.492] [sharedprocess] [info] Deleted from disk ms-vscode.azure-account /home/altevircarvalho/.vscode/extensions/ms-vscode.azure-account-0.8.4
[2019-11-15 12:12:56.838] [sharedprocess] [info] Deleted from disk davidanson.vscode-markdownlint /home/altevircarvalho/.vscode/extensions/davidanson.vscode-markdownlint-0.31.0
[2019-11-15 12:12:59.938] [sharedprocess] [info] Deleted from disk ms-azuretools.vscode-azureappservice /home/altevircarvalho/.vscode/extensions/ms-azuretools.vscode-azureappservice-0.16.0
[2019-11-15 12:12:59.968] [sharedprocess] [info] Deleted from disk gornivv.vscode-flutter-files /home/altevircarvalho/.vscode/extensions/gornivv.vscode-flutter-files-1.5.2
[2019-11-15 12:13:00.009] [sharedprocess] [info] Deleted from disk octref.vetur /home/altevircarvalho/.vscode/extensions/octref.vetur-0.22.4
[2019-11-15 12:13:01.960] [sharedprocess] [info] Installing extension: dart-code.dart-code
[2019-11-15 12:13:01.961] [sharedprocess] [info] Installing extension: dart-code.flutter
[2019-11-15 12:13:01.961] [sharedprocess] [info] Installing extension: davidanson.vscode-markdownlint
[2019-11-15 12:13:01.961] [sharedprocess] [info] Installing extension: luanpotter.dart-import
[2019-11-15 12:13:01.962] [sharedprocess] [info] Installing extension: ms-azuretools.vscode-docker
[2019-11-15 12:13:01.962] [sharedprocess] [info] Installing extension: ms-vscode.azure-account
[2019-11-15 12:13:01.962] [sharedprocess] [info] Installing extension: octref.vetur
[2019-11-15 12:13:05.564] [sharedprocess] [info] Downloaded extension: dart-code.flutter /tmp/37b8a55e-8268-4261-91fa-1e9fa63f0b62
[2019-11-15 12:13:05.566] [sharedprocess] [info] Downloaded extension: dart-code.dart-code /tmp/3b2b782a-ed5e-4cee-aa23-6adad283924a
[2019-11-15 12:13:05.636] [sharedprocess] [info] Extracted extension to /home/altevircarvalho/.vscode/extensions/.dart-code.flutter-3.6.0: dart-code.flutter
[2019-11-15 12:13:05.636] [sharedprocess] [info] Renamed to /home/altevircarvalho/.vscode/extensions/dart-code.flutter-3.6.0
[2019-11-15 12:13:05.637] [sharedprocess] [info] Installation completed. dart-code.flutter
[2019-11-15 12:13:05.719] [sharedprocess] [info] Extracted extension to /home/altevircarvalho/.vscode/extensions/.dart-code.dart-code-3.6.0: dart-code.dart-code
[2019-11-15 12:13:05.719] [sharedprocess] [info] Renamed to /home/altevircarvalho/.vscode/extensions/dart-code.dart-code-3.6.0
[2019-11-15 12:13:05.721] [sharedprocess] [info] Installation completed. dart-code.dart-code
[2019-11-15 12:13:06.396] [sharedprocess] [info] Downloaded extension: luanpotter.dart-import /tmp/0c32ffda-f637-4404-85e5-1abb576df0f6
[2019-11-15 12:13:06.742] [sharedprocess] [info] Extensions installed successfully: dart-code.flutter
[2019-11-15 12:13:06.749] [sharedprocess] [info] Downloaded extension: davidanson.vscode-markdownlint /tmp/8a5e2851-a424-42b0-b94a-bb80ebe9c92d
[2019-11-15 12:13:06.942] [sharedprocess] [info] Downloaded extension: ms-vscode.azure-account /tmp/63beb4bc-2b41-4d4e-beb5-17ba2c062c4a
[2019-11-15 12:13:07.117] [sharedprocess] [info] Extensions installed successfully: dart-code.dart-code
[2019-11-15 12:13:07.363] [sharedprocess] [info] Extracted extension to /home/altevircarvalho/.vscode/extensions/.luanpotter.dart-import-0.1.5: luanpotter.dart-import
[2019-11-15 12:13:07.363] [sharedprocess] [info] Renamed to /home/altevircarvalho/.vscode/extensions/luanpotter.dart-import-0.1.5
[2019-11-15 12:13:07.364] [sharedprocess] [info] Installation completed. luanpotter.dart-import
[2019-11-15 12:13:07.722] [sharedprocess] [info] Extracted extension to /home/altevircarvalho/.vscode/extensions/.davidanson.vscode-markdownlint-0.32.0: davidanson.vscode-markdownlint
[2019-11-15 12:13:07.722] [sharedprocess] [info] Renamed to /home/altevircarvalho/.vscode/extensions/davidanson.vscode-markdownlint-0.32.0
[2019-11-15 12:13:07.724] [sharedprocess] [info] Installation completed. davidanson.vscode-markdownlint
[2019-11-15 12:13:08.393] [sharedprocess] [info] Extracted extension to /home/altevircarvalho/.vscode/extensions/.ms-vscode.azure-account-0.8.7: ms-vscode.azure-account
[2019-11-15 12:13:08.393] [sharedprocess] [info] Renamed to /home/altevircarvalho/.vscode/extensions/ms-vscode.azure-account-0.8.7
[2019-11-15 12:13:08.394] [sharedprocess] [info] Installation completed. ms-vscode.azure-account
[2019-11-15 12:13:08.472] [sharedprocess] [info] Extensions installed successfully: luanpotter.dart-import
[2019-11-15 12:13:08.563] [sharedprocess] [info] Extensions installed successfully: davidanson.vscode-markdownlint
[2019-11-15 12:13:08.609] [sharedprocess] [info] Extensions installed successfully: ms-vscode.azure-account
[2019-11-15 12:13:11.009] [sharedprocess] [info] Downloaded extension: ms-azuretools.vscode-docker /tmp/04633302-c2a6-431e-9b3a-090c3055fa60
[2019-11-15 12:13:11.919] [sharedprocess] [info] Extracted extension to /home/altevircarvalho/.vscode/extensions/.ms-azuretools.vscode-docker-0.8.2: ms-azuretools.vscode-docker
[2019-11-15 12:13:11.919] [sharedprocess] [info] Renamed to /home/altevircarvalho/.vscode/extensions/ms-azuretools.vscode-docker-0.8.2
[2019-11-15 12:13:11.920] [sharedprocess] [info] Installation completed. ms-azuretools.vscode-docker
[2019-11-15 12:13:13.880] [sharedprocess] [info] Extensions installed successfully: ms-azuretools.vscode-docker
[2019-11-15 12:13:30.463] [sharedprocess] [info] Starting to clean up unused language packs.
[2019-11-15 12:14:02.500] [sharedprocess] [info] Downloaded extension: octref.vetur /tmp/f5f1603e-ff26-4d53-bada-6c2032456ada
[2019-11-15 12:14:11.859] [sharedprocess] [info] Extracted extension to /home/altevircarvalho/.vscode/extensions/.octref.vetur-0.22.6: octref.vetur
[2019-11-15 12:14:11.860] [sharedprocess] [info] Renamed to /home/altevircarvalho/.vscode/extensions/octref.vetur-0.22.6
[2019-11-15 12:14:11.861] [sharedprocess] [info] Installation completed. octref.vetur
[2019-11-15 12:14:12.032] [sharedprocess] [info] Extensions installed successfully: octref.vetur
