Looking for git in: git
Using git 2.17.1 from git
> git rev-parse --show-toplevel
> git rev-parse --git-dir
> git config --get commit.template
Open repository: /home/altevircarvalho/Ãrea de Trabalho/RailsStudent/nosso_amigo_oculto
> git status -z -u
> git symbolic-ref --short HEAD
> git rev-parse docker
> git rev-parse --symbolic-full-name docker@{u}
fatal: no upstream configured for branch 'docker'
> git for-each-ref --format %(refname) %(objectname) --sort -committerdate
> git remote --verbose
> git check-ignore -v -z --stdin
> git show :docker-compose.yml
> git ls-files --stage -- ./
> git status -z -u
> git symbolic-ref --short HEAD
> git rev-parse docker
> git rev-parse --symbolic-full-name docker@{u}
fatal: no upstream configured for branch 'docker'
> git for-each-ref --format %(refname) %(objectname) --sort -committerdate
> git remote --verbose
> git status -z -u
> git symbolic-ref --short HEAD
> git rev-parse docker
> git rev-parse --symbolic-full-name docker@{u}
fatal: no upstream configured for branch 'docker'
> git for-each-ref --format %(refname) %(objectname) --sort -committerdate
> git remote --verbose
> git status -z -u
> git symbolic-ref --short HEAD
> git rev-parse docker
> git rev-parse --symbolic-full-name docker@{u}
fatal: no upstream configured for branch 'docker'
> git for-each-ref --format %(refname) %(objectname) --sort -committerdate
> git remote --verbose
> git status -z -u
> git symbolic-ref --short HEAD
> git rev-parse docker
> git rev-parse --symbolic-full-name docker@{u}
fatal: no upstream configured for branch 'docker'
> git for-each-ref --format %(refname) %(objectname) --sort -committerdate
> git remote --verbose
> git status -z -u
> git symbolic-ref --short HEAD
> git rev-parse docker
> git rev-parse --symbolic-full-name docker@{u}
fatal: no upstream configured for branch 'docker'
> git for-each-ref --format %(refname) %(objectname) --sort -committerdate
> git remote --verbose
> git status -z -u
> git symbolic-ref --short HEAD
> git rev-parse docker
> git rev-parse --symbolic-full-name docker@{u}
fatal: no upstream configured for branch 'docker'
> git for-each-ref --format %(refname) %(objectname) --sort -committerdate
> git remote --verbose
> git status -z -u
> git symbolic-ref --short HEAD
> git rev-parse docker
> git rev-parse --symbolic-full-name docker@{u}
fatal: no upstream configured for branch 'docker'
> git for-each-ref --format %(refname) %(objectname) --sort -committerdate
> git remote --verbose
